0 info it worked if it ends with ok
1 verbose cli [ '/usr/local/bin/node',
1 verbose cli   '/usr/local/bin/npm',
1 verbose cli   'install',
1 verbose cli   'bluetooth-hci-socket' ]
2 info using npm@2.14.12
3 info using node@v4.2.4
4 verbose install initial load of /Users/usd46596/3DRSonarServer/package.json
5 warn package.json 3DRSonarServer@1.0.0 No repository field.
6 verbose installManyTop reading scoped package data from /Users/usd46596/3DRSonarServer/node_modules/async/package.json
7 verbose installManyTop reading scoped package data from /Users/usd46596/3DRSonarServer/node_modules/console-stamp/package.json
8 verbose installManyTop reading scoped package data from /Users/usd46596/3DRSonarServer/node_modules/crypto-js/package.json
9 verbose installManyTop reading scoped package data from /Users/usd46596/3DRSonarServer/node_modules/enum/package.json
10 verbose installManyTop reading scoped package data from /Users/usd46596/3DRSonarServer/node_modules/glob/package.json
11 verbose installManyTop reading scoped package data from /Users/usd46596/3DRSonarServer/node_modules/json-socket/package.json
12 verbose installManyTop reading scoped package data from /Users/usd46596/3DRSonarServer/node_modules/lodash/package.json
13 verbose installManyTop reading scoped package data from /Users/usd46596/3DRSonarServer/node_modules/noble/package.json
14 verbose installManyTop reading scoped package data from /Users/usd46596/3DRSonarServer/node_modules/node-cryptojs-aes/package.json
15 verbose installManyTop reading scoped package data from /Users/usd46596/3DRSonarServer/node_modules/nodemon/package.json
16 verbose installManyTop reading scoped package data from /Users/usd46596/3DRSonarServer/node_modules/shortid/package.json
17 verbose installManyTop reading scoped package data from /Users/usd46596/3DRSonarServer/node_modules/validator/package.json
18 info package.json json-socket@0.1.2 No license field.
19 info package.json enum@0.2.7 No license field.
20 verbose readDependencies loading dependencies from /Users/usd46596/3DRSonarServer/package.json
21 silly cache add args [ 'bluetooth-hci-socket', null ]
22 verbose cache add spec bluetooth-hci-socket
23 silly cache add parsed spec Result {
23 silly cache add   raw: 'bluetooth-hci-socket',
23 silly cache add   scope: null,
23 silly cache add   name: 'bluetooth-hci-socket',
23 silly cache add   rawSpec: '',
23 silly cache add   spec: 'latest',
23 silly cache add   type: 'tag' }
24 silly addNamed bluetooth-hci-socket@latest
25 verbose addNamed "latest" is being treated as a dist-tag for bluetooth-hci-socket
26 info addNameTag [ 'bluetooth-hci-socket', 'latest' ]
27 silly mapToRegistry name bluetooth-hci-socket
28 silly mapToRegistry using default registry
29 silly mapToRegistry registry https://registry.npmjs.org/
30 silly mapToRegistry uri https://registry.npmjs.org/bluetooth-hci-socket
31 verbose addNameTag registry:https://registry.npmjs.org/bluetooth-hci-socket not in flight; fetching
32 verbose request uri https://registry.npmjs.org/bluetooth-hci-socket
33 verbose request no auth needed
34 info attempt registry request try #1 at 12:53:54 PM
35 verbose request id 7ed39f8889f5a27a
36 verbose etag "EAF3S82OV3DZE4I4CL1HAGL3B"
37 http request GET https://registry.npmjs.org/bluetooth-hci-socket
38 http 304 https://registry.npmjs.org/bluetooth-hci-socket
39 verbose headers { date: 'Sun, 10 Jan 2016 17:53:28 GMT',
39 verbose headers   via: '1.1 varnish',
39 verbose headers   'cache-control': 'max-age=300',
39 verbose headers   etag: '"EAF3S82OV3DZE4I4CL1HAGL3B"',
39 verbose headers   age: '258',
39 verbose headers   connection: 'keep-alive',
39 verbose headers   'x-served-by': 'cache-iad2124-IAD',
39 verbose headers   'x-cache': 'HIT',
39 verbose headers   'x-cache-hits': '1',
39 verbose headers   'x-timer': 'S1452448408.288615,VS0,VE0',
39 verbose headers   vary: 'Accept' }
40 silly get cb [ 304,
40 silly get   { date: 'Sun, 10 Jan 2016 17:53:28 GMT',
40 silly get     via: '1.1 varnish',
40 silly get     'cache-control': 'max-age=300',
40 silly get     etag: '"EAF3S82OV3DZE4I4CL1HAGL3B"',
40 silly get     age: '258',
40 silly get     connection: 'keep-alive',
40 silly get     'x-served-by': 'cache-iad2124-IAD',
40 silly get     'x-cache': 'HIT',
40 silly get     'x-cache-hits': '1',
40 silly get     'x-timer': 'S1452448408.288615,VS0,VE0',
40 silly get     vary: 'Accept' } ]
41 verbose etag https://registry.npmjs.org/bluetooth-hci-socket from cache
42 verbose get saving bluetooth-hci-socket to /Users/usd46596/.npm/registry.npmjs.org/bluetooth-hci-socket/.cache.json
43 silly addNameTag next cb for bluetooth-hci-socket with tag latest
44 silly addNamed bluetooth-hci-socket@0.4.2
45 verbose addNamed "0.4.2" is a plain semver version for bluetooth-hci-socket
46 silly cache afterAdd bluetooth-hci-socket@0.4.2
47 verbose afterAdd /Users/usd46596/.npm/bluetooth-hci-socket/0.4.2/package/package.json not in flight; writing
48 verbose afterAdd /Users/usd46596/.npm/bluetooth-hci-socket/0.4.2/package/package.json written
49 silly install resolved [ { name: 'bluetooth-hci-socket',
49 silly install resolved     version: '0.4.2',
49 silly install resolved     description: 'Bluetooth HCI socket binding for Node.js',
49 silly install resolved     main: 'index.js',
49 silly install resolved     scripts: { test: 'jshint lib/*.js', install: 'node-gyp rebuild' },
49 silly install resolved     repository:
49 silly install resolved      { type: 'git',
49 silly install resolved        url: 'git+https://github.com/sandeepmistry/node-bluetooth-hci-socket.git' },
49 silly install resolved     keywords: [ 'HCI', 'Bluetooth', 'Linux', 'Windows' ],
49 silly install resolved     author: { name: 'Sandeep Mistry', email: 'sandeep.mistry@gmail.com' },
49 silly install resolved     license: 'MIT',
49 silly install resolved     bugs: { url: 'https://github.com/sandeepmistry/node-bluetooth-hci-socket/issues' },
49 silly install resolved     homepage: 'https://github.com/sandeepmistry/node-bluetooth-hci-socket',
49 silly install resolved     os: [ 'linux', 'win32' ],
49 silly install resolved     dependencies: { debug: '^2.2.0', nan: '^2.0.5', usb: '^1.1.0' },
49 silly install resolved     optionalDependencies: { usb: '^1.1.0' },
49 silly install resolved     devDependencies: { jshint: '^2.8.0' },
49 silly install resolved     gypfile: true,
49 silly install resolved     gitHead: '0be3c0a99d61932253f1d9f0ee7b6e12ceeaccdf',
49 silly install resolved     _id: 'bluetooth-hci-socket@0.4.2',
49 silly install resolved     _shasum: '251e96ba67552ecb9c6927f0338a22c332fa6edf',
49 silly install resolved     _from: 'bluetooth-hci-socket@latest',
49 silly install resolved     _npmVersion: '1.4.21',
49 silly install resolved     _npmUser: { name: 'sandeepmistry', email: 'sandeep.mistry@gmail.com' },
49 silly install resolved     maintainers: [ [Object] ],
49 silly install resolved     dist:
49 silly install resolved      { shasum: '251e96ba67552ecb9c6927f0338a22c332fa6edf',
49 silly install resolved        tarball: 'http://registry.npmjs.org/bluetooth-hci-socket/-/bluetooth-hci-socket-0.4.2.tgz' },
49 silly install resolved     directories: {},
49 silly install resolved     _resolved: 'https://registry.npmjs.org/bluetooth-hci-socket/-/bluetooth-hci-socket-0.4.2.tgz',
49 silly install resolved     readme: 'ERROR: No README data found!' } ]
50 info install bluetooth-hci-socket@0.4.2 into /Users/usd46596/3DRSonarServer
51 info installOne bluetooth-hci-socket@0.4.2
52 verbose installOne of bluetooth-hci-socket to /Users/usd46596/3DRSonarServer not in flight; installing
53 verbose lock using /Users/usd46596/.npm/_locks/bluetooth-hci-socket-d3308fed4f4c7150.lock for /Users/usd46596/3DRSonarServer/node_modules/bluetooth-hci-socket
54 verbose unlock done using /Users/usd46596/.npm/_locks/bluetooth-hci-socket-d3308fed4f4c7150.lock for /Users/usd46596/3DRSonarServer/node_modules/bluetooth-hci-socket
55 verbose stack Error: Unsupported
55 verbose stack     at checkPlatform (/usr/local/lib/node_modules/npm/node_modules/npm-install-checks/index.js:47:14)
55 verbose stack     at Array.<anonymous> (/usr/local/lib/node_modules/npm/node_modules/slide/lib/bind-actor.js:15:8)
55 verbose stack     at LOOP (/usr/local/lib/node_modules/npm/node_modules/slide/lib/chain.js:15:14)
55 verbose stack     at /usr/local/lib/node_modules/npm/node_modules/slide/lib/chain.js:18:7
55 verbose stack     at checkEngine (/usr/local/lib/node_modules/npm/node_modules/npm-install-checks/index.js:11:20)
55 verbose stack     at Array.<anonymous> (/usr/local/lib/node_modules/npm/node_modules/slide/lib/bind-actor.js:15:8)
55 verbose stack     at LOOP (/usr/local/lib/node_modules/npm/node_modules/slide/lib/chain.js:15:14)
55 verbose stack     at chain (/usr/local/lib/node_modules/npm/node_modules/slide/lib/chain.js:20:5)
55 verbose stack     at /usr/local/lib/node_modules/npm/lib/install.js:1038:5
55 verbose stack     at /usr/local/lib/node_modules/npm/lib/utils/locker.js:39:7
56 verbose pkgid bluetooth-hci-socket@0.4.2
57 verbose cwd /Users/usd46596/3DRSonarServer
58 error Darwin 13.4.0
59 error argv "/usr/local/bin/node" "/usr/local/bin/npm" "install" "bluetooth-hci-socket"
60 error node v4.2.4
61 error npm  v2.14.12
62 error code EBADPLATFORM
63 error notsup Unsupported
63 error notsup Not compatible with your operating system or architecture: bluetooth-hci-socket@0.4.2
63 error notsup Valid OS:    linux,win32
63 error notsup Valid Arch:  any
63 error notsup Actual OS:   darwin
63 error notsup Actual Arch: x64
64 verbose exit [ 1, true ]
